<?xml version="1.0" encoding="UTF-8"?>
<!-- Generated by org.testng.reporters.JUnitReportReporter -->
<testsuite hostname="DESKTOP-CC5NDI8" failures="0" tests="1" name="RunXlsR" time="0.000" errors="0" timestamp="2022-09-16T19:13:45 IST" skipped="1">
  <testcase classname="RunXlsR" name="TestLogin" time="0.000">
    <skipped/>
  </testcase> <!-- TestLogin -->
  <system-out/>
</testsuite> <!-- RunXlsR -->
