<?xml version="1.0" encoding="UTF-8"?>
<!-- Generated by org.testng.reporters.JUnitReportReporter -->
<testsuite hostname="DESKTOP-CC5NDI8" failures="0" tests="1" name="TestOrangeHRM.Logintestsunil" time="0.963" errors="0" timestamp="2022-09-14T12:43:22 IST" skipped="0">
  <testcase classname="TestOrangeHRM.Logintestsunil" name="login" time="0.963"/>
  <system-out/>
</testsuite> <!-- TestOrangeHRM.Logintestsunil -->
