<?xml version="1.0" encoding="UTF-8"?>
<!-- Generated by org.testng.reporters.JUnitReportReporter -->
<testsuite hostname="DESKTOP-CC5NDI8" failures="0" tests="1" name="TestNGpackage.Assertequal" time="26.005" errors="0" timestamp="2022-09-03T14:16:32 IST" skipped="0">
  <testcase classname="TestNGpackage.Assertequal" name="TestGoogle" time="26.005"/>
  <system-out/>
</testsuite> <!-- TestNGpackage.Assertequal -->
