<?xml version="1.0" encoding="UTF-8"?>
<!-- Generated by org.testng.reporters.JUnitReportReporter -->
<testsuite hostname="DESKTOP-CC5NDI8" failures="0" tests="1" name="testNglistener.demo1" time="12.078" errors="0" timestamp="2022-09-09T13:47:48 IST" skipped="0">
  <testcase classname="testNglistener.demo1" name="login" time="12.078"/>
  <system-out/>
</testsuite> <!-- testNglistener.demo1 -->
