<?xml version="1.0" encoding="UTF-8"?>
<!-- Generated by org.testng.reporters.JUnitReportReporter -->
<testsuite hostname="DESKTOP-CC5NDI8" failures="0" tests="2" name="TestOrangeHRM.test1OHRM" time="6.832" errors="0" timestamp="2022-09-13T21:05:33 IST" skipped="0">
  <testcase classname="TestOrangeHRM.test1OHRM" name="login" time="2.340"/>
  <system-out/>
  <testcase classname="TestOrangeHRM.test1OHRM" name="home" time="4.492"/>
  <system-out/>
</testsuite> <!-- TestOrangeHRM.test1OHRM -->
