<?xml version="1.0" encoding="UTF-8"?>
<!-- Generated by org.testng.reporters.JUnitReportReporter -->
<testsuite hostname="DESKTOP-CC5NDI8" failures="0" tests="2" name="TestNGpackage.Test1" time="2.752" errors="0" timestamp="2022-09-02T21:16:01 IST" skipped="0">
  <testcase classname="TestNGpackage.Test1" name="LaunchurL" time="1.434"/>
  <system-out/>
  <testcase classname="TestNGpackage.Test1" name="CreatingLoginPage" time="1.318"/>
  <system-out/>
</testsuite> <!-- TestNGpackage.Test1 -->
